# JRE version: OpenJDK Runtime Environment (8.0_202-b03) (build 1.8.0_202-release-1483-b03)
# Java VM: OpenJDK 64-Bit Server VM (25.202-b03 mixed mode windows-amd64 compressed oops)
Heap:
 PSYoungGen      total 420352K, used 190403K [0x00000000e0000000, 0x0000000100000000, 0x0000000100000000)
  eden space 320000K, 52% used [0x00000000e0000000,0x00000000ea319808,0x00000000f3880000)
  from space 100352K, 23% used [0x00000000f9600000,0x00000000facd77b0,0x00000000ff800000)
  to   space 95744K, 0% used [0x00000000f3880000,0x00000000f3880000,0x00000000f9600000)
 ParOldGen       total 634880K, used 333877K [0x00000000a0000000, 0x00000000c6c00000, 0x00000000e0000000)
  object space 634880K, 52% used [0x00000000a0000000,0x00000000b460d790,0x00000000c6c00000)
 Metaspace       used 96376K, capacity 101288K, committed 101464K, reserved 1138688K
  class space    used 12261K, capacity 13138K, committed 13144K, reserved 1048576K
GC Heap History (10 events):
Event: 1697.411 GC heap before
{Heap before GC invocations=88 (full 6):
 PSYoungGen      total 446464K, used 402597K [0x00000000e0000000, 0x00000000fff00000, 0x0000000100000000)
  eden space 375296K, 100% used [0x00000000e0000000,0x00000000f6e80000,0x00000000f6e80000)
  from space 71168K, 38% used [0x00000000f6e80000,0x00000000f89295f8,0x00000000fb400000)
  to   space 68096K, 0% used [0x00000000fbc80000,0x00000000fbc80000,0x00000000fff00000)
 ParOldGen       total 634880K, used 139216K [0x00000000a0000000, 0x00000000c6c00000, 0x00000000e0000000)
  object space 634880K, 21% used [0x00000000a0000000,0x00000000a87f41a0,0x00000000c6c00000)
 Metaspace       used 96260K, capacity 101144K, committed 101208K, reserved 1136640K
  class space    used 12240K, capacity 13114K, committed 13144K, reserved 1048576K
Event: 1697.486 GC heap after
Heap after GC invocations=88 (full 6):
 PSYoungGen      total 401920K, used 68086K [0x00000000e0000000, 0x0000000100000000, 0x0000000100000000)
  eden space 333824K, 0% used [0x00000000e0000000,0x00000000e0000000,0x00000000f4600000)
  from space 68096K, 99% used [0x00000000fbc80000,0x00000000ffefd9f8,0x00000000fff00000)
  to   space 95232K, 0% used [0x00000000f4600000,0x00000000f4600000,0x00000000fa300000)
 ParOldGen       total 634880K, used 179535K [0x00000000a0000000, 0x00000000c6c00000, 0x00000000e0000000)
  object space 634880K, 28% used [0x00000000a0000000,0x00000000aaf53cf8,0x00000000c6c00000)
 Metaspace       used 96260K, capacity 101144K, committed 101208K, reserved 1136640K
  class space    used 12240K, capacity 13114K, committed 13144K, reserved 1048576K
}
Event: 1697.968 GC heap before
{Heap before GC invocations=89 (full 6):
 PSYoungGen      total 401920K, used 401910K [0x00000000e0000000, 0x0000000100000000, 0x0000000100000000)
  eden space 333824K, 100% used [0x00000000e0000000,0x00000000f4600000,0x00000000f4600000)
  from space 68096K, 99% used [0x00000000fbc80000,0x00000000ffefd9f8,0x00000000fff00000)
  to   space 95232K, 0% used [0x00000000f4600000,0x00000000f4600000,0x00000000fa300000)
 ParOldGen       total 634880K, used 179535K [0x00000000a0000000, 0x00000000c6c00000, 0x00000000e0000000)
  object space 634880K, 28% used [0x00000000a0000000,0x00000000aaf53cf8,0x00000000c6c00000)
 Metaspace       used 96267K, capacity 101144K, committed 101208K, reserved 1136640K
  class space    used 12241K, capacity 13114K, committed 13144K, reserved 1048576K
Event: 1698.062 GC heap after
Heap after GC invocations=89 (full 6):
 PSYoungGen      total 421376K, used 87148K [0x00000000e0000000, 0x0000000100000000, 0x0000000100000000)
  eden space 333824K, 0% used [0x00000000e0000000,0x00000000e0000000,0x00000000f4600000)
  from space 87552K, 99% used [0x00000000f4600000,0x00000000f9b1b280,0x00000000f9b80000)
  to   space 102912K, 0% used [0x00000000f9b80000,0x00000000f9b80000,0x0000000100000000)
 ParOldGen       total 634880K, used 235500K [0x00000000a0000000, 0x00000000c6c00000, 0x00000000e0000000)
  object space 634880K, 37% used [0x00000000a0000000,0x00000000ae5fb078,0x00000000c6c00000)
 Metaspace       used 96267K, capacity 101144K, committed 101208K, reserved 1136640K
  class space    used 12241K, capacity 13114K, committed 13144K, reserved 1048576K
}
Event: 1699.201 GC heap before
{Heap before GC invocations=90 (full 6):
 PSYoungGen      total 421376K, used 420972K [0x00000000e0000000, 0x0000000100000000, 0x0000000100000000)
  eden space 333824K, 100% used [0x00000000e0000000,0x00000000f4600000,0x00000000f4600000)
  from space 87552K, 99% used [0x00000000f4600000,0x00000000f9b1b280,0x00000000f9b80000)
  to   space 102912K, 0% used [0x00000000f9b80000,0x00000000f9b80000,0x0000000100000000)
 ParOldGen       total 634880K, used 235500K [0x00000000a0000000, 0x00000000c6c00000, 0x00000000e0000000)
  object space 634880K, 37% used [0x00000000a0000000,0x00000000ae5fb078,0x00000000c6c00000)
 Metaspace       used 96270K, capacity 101144K, committed 101208K, reserved 1136640K
  class space    used 12242K, capacity 13114K, committed 13144K, reserved 1048576K
Event: 1699.302 GC heap after
Heap after GC invocations=90 (full 6):
 PSYoungGen      total 415232K, used 13594K [0x00000000e0000000, 0x0000000100000000, 0x0000000100000000)
  eden space 312320K, 0% used [0x00000000e0000000,0x00000000e0000000,0x00000000f3100000)
  from space 102912K, 13% used [0x00000000f9b80000,0x00000000fa8c6b98,0x0000000100000000)
  to   space 105984K, 0% used [0x00000000f3100000,0x00000000f3100000,0x00000000f9880000)
 ParOldGen       total 634880K, used 317862K [0x00000000a0000000, 0x00000000c6c00000, 0x00000000e0000000)
  object space 634880K, 50% used [0x00000000a0000000,0x00000000b3669a38,0x00000000c6c00000)
 Metaspace       used 96270K, capacity 101144K, committed 101208K, reserved 1136640K
  class space    used 12242K, capacity 13114K, committed 13144K, reserved 1048576K
}
Event: 1701.659 GC heap before
{Heap before GC invocations=91 (full 6):
 PSYoungGen      total 415232K, used 325914K [0x00000000e0000000, 0x0000000100000000, 0x0000000100000000)
  eden space 312320K, 100% used [0x00000000e0000000,0x00000000f3100000,0x00000000f3100000)
  from space 102912K, 13% used [0x00000000f9b80000,0x00000000fa8c6b98,0x0000000100000000)
  to   space 105984K, 0% used [0x00000000f3100000,0x00000000f3100000,0x00000000f9880000)
 ParOldGen       total 634880K, used 317862K [0x00000000a0000000, 0x00000000c6c00000, 0x00000000e0000000)
  object space 634880K, 50% used [0x00000000a0000000,0x00000000b3669a38,0x00000000c6c00000)
 Metaspace       used 96296K, capacity 101210K, committed 101464K, reserved 1138688K
  class space    used 12248K, capacity 13125K, committed 13144K, reserved 1048576K
Event: 1701.724 GC heap after
Heap after GC invocations=91 (full 6):
 PSYoungGen      total 350208K, used 37772K [0x00000000e0000000, 0x00000000ff800000, 0x0000000100000000)
  eden space 312320K, 0% used [0x00000000e0000000,0x00000000e0000000,0x00000000f3100000)
  from space 37888K, 99% used [0x00000000f3100000,0x00000000f55e3168,0x00000000f5600000)
  to   space 100352K, 0% used [0x00000000f9600000,0x00000000f9600000,0x00000000ff800000)
 ParOldGen       total 634880K, used 328607K [0x00000000a0000000, 0x00000000c6c00000, 0x00000000e0000000)
  object space 634880K, 51% used [0x00000000a0000000,0x00000000b40e7ee0,0x00000000c6c00000)
 Metaspace       used 96296K, capacity 101210K, committed 101464K, reserved 1138688K
  class space    used 12248K, capacity 13125K, committed 13144K, reserved 1048576K
}
Event: 1703.090 GC heap before
{Heap before GC invocations=92 (full 6):
 PSYoungGen      total 350208K, used 350092K [0x00000000e0000000, 0x00000000ff800000, 0x0000000100000000)
  eden space 312320K, 100% used [0x00000000e0000000,0x00000000f3100000,0x00000000f3100000)
  from space 37888K, 99% used [0x00000000f3100000,0x00000000f55e3168,0x00000000f5600000)
  to   space 100352K, 0% used [0x00000000f9600000,0x00000000f9600000,0x00000000ff800000)
 ParOldGen       total 634880K, used 328615K [0x00000000a0000000, 0x00000000c6c00000, 0x00000000e0000000)
  object space 634880K, 51% used [0x00000000a0000000,0x00000000b40e9ef0,0x00000000c6c00000)
 Metaspace       used 96324K, capacity 101270K, committed 101464K, reserved 1138688K
  class space    used 12253K, capacity 13135K, committed 13144K, reserved 1048576K
Event: 1703.112 GC heap after
Heap after GC invocations=92 (full 6):
 PSYoungGen      total 420352K, used 23389K [0x00000000e0000000, 0x0000000100000000, 0x0000000100000000)
  eden space 320000K, 0% used [0x00000000e0000000,0x00000000e0000000,0x00000000f3880000)
  from space 100352K, 23% used [0x00000000f9600000,0x00000000facd77b0,0x00000000ff800000)
  to   space 95744K, 0% used [0x00000000f3880000,0x00000000f3880000,0x00000000f9600000)
 ParOldGen       total 634880K, used 333877K [0x00000000a0000000, 0x00000000c6c00000, 0x00000000e0000000)
  object space 634880K, 52% used [0x00000000a0000000,0x00000000b460d790,0x00000000c6c00000)
 Metaspace       used 96324K, capacity 101270K, committed 101464K, reserved 1138688K
  class space    used 12253K, capacity 13135K, committed 13144K, reserved 1048576K
}

