# JRE version: OpenJDK Runtime Environment (8.0_202-b03) (build 1.8.0_202-release-1483-b03)
# Java VM: OpenJDK 64-Bit Server VM (25.202-b03 mixed mode windows-amd64 compressed oops)
Heap:
 PSYoungGen      total 481280K, used 227112K [0x00000000e0000000, 0x00000000ffe80000, 0x0000000100000000)
  eden space 445952K, 46% used [0x00000000e0000000,0x00000000ecc2c750,0x00000000fb380000)
  from space 35328K, 51% used [0x00000000fb380000,0x00000000fc51d928,0x00000000fd600000)
  to   space 34304K, 0% used [0x00000000fdd00000,0x00000000fdd00000,0x00000000ffe80000)
 ParOldGen       total 783872K, used 731049K [0x00000000a0000000, 0x00000000cfd80000, 0x00000000e0000000)
  object space 783872K, 93% used [0x00000000a0000000,0x00000000cc9ea7d0,0x00000000cfd80000)
 Metaspace       used 186737K, capacity 200374K, committed 200652K, reserved 1224704K
  class space    used 22735K, capacity 25030K, committed 25088K, reserved 1048576K
GC Heap History (10 events):
Event: 33153.043 GC heap before
{Heap before GC invocations=230 (full 7):
 PSYoungGen      total 357376K, used 345791K [0x00000000e0000000, 0x00000000f9b00000, 0x0000000100000000)
  eden space 318976K, 100% used [0x00000000e0000000,0x00000000f3780000,0x00000000f3780000)
  from space 38400K, 69% used [0x00000000f5e80000,0x00000000f78afc28,0x00000000f8400000)
  to   space 39936K, 0% used [0x00000000f3780000,0x00000000f3780000,0x00000000f5e80000)
 ParOldGen       total 783872K, used 682639K [0x00000000a0000000, 0x00000000cfd80000, 0x00000000e0000000)
  object space 783872K, 87% used [0x00000000a0000000,0x00000000c9aa3d20,0x00000000cfd80000)
 Metaspace       used 186506K, capacity 200070K, committed 200140K, reserved 1224704K
  class space    used 22732K, capacity 25026K, committed 25088K, reserved 1048576K
Event: 33153.088 GC heap after
Heap after GC invocations=230 (full 7):
 PSYoungGen      total 358912K, used 16376K [0x00000000e0000000, 0x00000000fb900000, 0x0000000100000000)
  eden space 318976K, 0% used [0x00000000e0000000,0x00000000e0000000,0x00000000f3780000)
  from space 39936K, 41% used [0x00000000f3780000,0x00000000f477e0c0,0x00000000f5e80000)
  to   space 37888K, 0% used [0x00000000f9400000,0x00000000f9400000,0x00000000fb900000)
 ParOldGen       total 783872K, used 703349K [0x00000000a0000000, 0x00000000cfd80000, 0x00000000e0000000)
  object space 783872K, 89% used [0x00000000a0000000,0x00000000caedd6e0,0x00000000cfd80000)
 Metaspace       used 186506K, capacity 200070K, committed 200140K, reserved 1224704K
  class space    used 22732K, capacity 25026K, committed 25088K, reserved 1048576K
}
Event: 33153.808 GC heap before
{Heap before GC invocations=231 (full 7):
 PSYoungGen      total 358912K, used 335352K [0x00000000e0000000, 0x00000000fb900000, 0x0000000100000000)
  eden space 318976K, 100% used [0x00000000e0000000,0x00000000f3780000,0x00000000f3780000)
  from space 39936K, 41% used [0x00000000f3780000,0x00000000f477e0c0,0x00000000f5e80000)
  to   space 37888K, 0% used [0x00000000f9400000,0x00000000f9400000,0x00000000fb900000)
 ParOldGen       total 783872K, used 703349K [0x00000000a0000000, 0x00000000cfd80000, 0x00000000e0000000)
  object space 783872K, 89% used [0x00000000a0000000,0x00000000caedd6e0,0x00000000cfd80000)
 Metaspace       used 186607K, capacity 200228K, committed 200396K, reserved 1224704K
  class space    used 22734K, capacity 25029K, committed 25088K, reserved 1048576K
Event: 33153.857 GC heap after
Heap after GC invocations=231 (full 7):
 PSYoungGen      total 414208K, used 9497K [0x00000000e0000000, 0x00000000fb980000, 0x0000000100000000)
  eden space 376320K, 0% used [0x00000000e0000000,0x00000000e0000000,0x00000000f6f80000)
  from space 37888K, 25% used [0x00000000f9400000,0x00000000f9d46440,0x00000000fb900000)
  to   space 37376K, 0% used [0x00000000f6f80000,0x00000000f6f80000,0x00000000f9400000)
 ParOldGen       total 783872K, used 713799K [0x00000000a0000000, 0x00000000cfd80000, 0x00000000e0000000)
  object space 783872K, 91% used [0x00000000a0000000,0x00000000cb911eb8,0x00000000cfd80000)
 Metaspace       used 186607K, capacity 200228K, committed 200396K, reserved 1224704K
  class space    used 22734K, capacity 25029K, committed 25088K, reserved 1048576K
}
Event: 33154.509 GC heap before
{Heap before GC invocations=232 (full 7):
 PSYoungGen      total 414208K, used 385817K [0x00000000e0000000, 0x00000000fb980000, 0x0000000100000000)
  eden space 376320K, 100% used [0x00000000e0000000,0x00000000f6f80000,0x00000000f6f80000)
  from space 37888K, 25% used [0x00000000f9400000,0x00000000f9d46440,0x00000000fb900000)
  to   space 37376K, 0% used [0x00000000f6f80000,0x00000000f6f80000,0x00000000f9400000)
 ParOldGen       total 783872K, used 713799K [0x00000000a0000000, 0x00000000cfd80000, 0x00000000e0000000)
  object space 783872K, 91% used [0x00000000a0000000,0x00000000cb911eb8,0x00000000cfd80000)
 Metaspace       used 186663K, capacity 200292K, committed 200396K, reserved 1224704K
  class space    used 22734K, capacity 25029K, committed 25088K, reserved 1048576K
Event: 33154.542 GC heap after
Heap after GC invocations=232 (full 7):
 PSYoungGen      total 413696K, used 8162K [0x00000000e0000000, 0x00000000ffa00000, 0x0000000100000000)
  eden space 376320K, 0% used [0x00000000e0000000,0x00000000e0000000,0x00000000f6f80000)
  from space 37376K, 21% used [0x00000000f6f80000,0x00000000f7778ba0,0x00000000f9400000)
  to   space 36352K, 0% used [0x00000000fd680000,0x00000000fd680000,0x00000000ffa00000)
 ParOldGen       total 783872K, used 718976K [0x00000000a0000000, 0x00000000cfd80000, 0x00000000e0000000)
  object space 783872K, 91% used [0x00000000a0000000,0x00000000cbe201c8,0x00000000cfd80000)
 Metaspace       used 186663K, capacity 200292K, committed 200396K, reserved 1224704K
  class space    used 22734K, capacity 25029K, committed 25088K, reserved 1048576K
}
Event: 33155.205 GC heap before
{Heap before GC invocations=233 (full 7):
 PSYoungGen      total 413696K, used 384482K [0x00000000e0000000, 0x00000000ffa00000, 0x0000000100000000)
  eden space 376320K, 100% used [0x00000000e0000000,0x00000000f6f80000,0x00000000f6f80000)
  from space 37376K, 21% used [0x00000000f6f80000,0x00000000f7778ba0,0x00000000f9400000)
  to   space 36352K, 0% used [0x00000000fd680000,0x00000000fd680000,0x00000000ffa00000)
 ParOldGen       total 783872K, used 718976K [0x00000000a0000000, 0x00000000cfd80000, 0x00000000e0000000)
  object space 783872K, 91% used [0x00000000a0000000,0x00000000cbe201c8,0x00000000cfd80000)
 Metaspace       used 186700K, capacity 200296K, committed 200396K, reserved 1224704K
  class space    used 22734K, capacity 25029K, committed 25088K, reserved 1048576K
Event: 33155.241 GC heap after
Heap after GC invocations=233 (full 7):
 PSYoungGen      total 480768K, used 11843K [0x00000000e0000000, 0x00000000ff880000, 0x0000000100000000)
  eden space 445952K, 0% used [0x00000000e0000000,0x00000000e0000000,0x00000000fb380000)
  from space 34816K, 34% used [0x00000000fd680000,0x00000000fe210ce0,0x00000000ff880000)
  to   space 35328K, 0% used [0x00000000fb380000,0x00000000fb380000,0x00000000fd600000)
 ParOldGen       total 783872K, used 724449K [0x00000000a0000000, 0x00000000cfd80000, 0x00000000e0000000)
  object space 783872K, 92% used [0x00000000a0000000,0x00000000cc3784c8,0x00000000cfd80000)
 Metaspace       used 186700K, capacity 200296K, committed 200396K, reserved 1224704K
  class space    used 22734K, capacity 25029K, committed 25088K, reserved 1048576K
}
Event: 33156.211 GC heap before
{Heap before GC invocations=234 (full 7):
 PSYoungGen      total 480768K, used 457795K [0x00000000e0000000, 0x00000000ff880000, 0x0000000100000000)
  eden space 445952K, 100% used [0x00000000e0000000,0x00000000fb380000,0x00000000fb380000)
  from space 34816K, 34% used [0x00000000fd680000,0x00000000fe210ce0,0x00000000ff880000)
  to   space 35328K, 0% used [0x00000000fb380000,0x00000000fb380000,0x00000000fd600000)
 ParOldGen       total 783872K, used 724449K [0x00000000a0000000, 0x00000000cfd80000, 0x00000000e0000000)
  object space 783872K, 92% used [0x00000000a0000000,0x00000000cc3784c8,0x00000000cfd80000)
 Metaspace       used 186725K, capacity 200310K, committed 200396K, reserved 1224704K
  class space    used 22735K, capacity 25030K, committed 25088K, reserved 1048576K
Event: 33156.265 GC heap after
Heap after GC invocations=234 (full 7):
 PSYoungGen      total 481280K, used 18038K [0x00000000e0000000, 0x00000000ffe80000, 0x0000000100000000)
  eden space 445952K, 0% used [0x00000000e0000000,0x00000000e0000000,0x00000000fb380000)
  from space 35328K, 51% used [0x00000000fb380000,0x00000000fc51d928,0x00000000fd600000)
  to   space 34304K, 0% used [0x00000000fdd00000,0x00000000fdd00000,0x00000000ffe80000)
 ParOldGen       total 783872K, used 731049K [0x00000000a0000000, 0x00000000cfd80000, 0x00000000e0000000)
  object space 783872K, 93% used [0x00000000a0000000,0x00000000cc9ea7d0,0x00000000cfd80000)
 Metaspace       used 186725K, capacity 200310K, committed 200396K, reserved 1224704K
  class space    used 22735K, capacity 25030K, committed 25088K, reserved 1048576K
}

